<?xml version="1.0" encoding="UTF-8"?>
<testsuite xmlns:xsi="http://www.w3.org/2001/XMLSchema-instance" xsi:noNamespaceSchemaLocation="https://maven.apache.org/surefire/maven-surefire-plugin/xsd/surefire-test-report-3.0.xsd" version="3.0" name="flightapp.FlightServiceTest" time="170.407" tests="35" errors="0" skipped="0" failures="0">
  <properties>
[...]
</properties>
  <testcase name="runTest[0]" classname="flightapp.FlightServiceTest" time="7.972"/>
  <testcase name="runTest[1]" classname="flightapp.FlightServiceTest" time="4.769"/>
  <testcase name="runTest[2]" classname="flightapp.FlightServiceTest" time="8.012"/>
  <testcase name="runTest[3]" classname="flightapp.FlightServiceTest" time="7.651"/>
  <testcase name="runTest[4]" classname="flightapp.FlightServiceTest" time="7.528"/>
  <testcase name="runTest[5]" classname="flightapp.FlightServiceTest" time="7.945"/>
  <testcase name="runTest[6]" classname="flightapp.FlightServiceTest" time="7.467"/>
  <testcase name="runTest[7]" classname="flightapp.FlightServiceTest" time="1.095"/>
  <testcase name="runTest[8]" classname="flightapp.FlightServiceTest" time="1.285"/>
  <testcase name="runTest[9]" classname="flightapp.FlightServiceTest" time="1.412"/>
  <testcase name="runTest[10]" classname="flightapp.FlightServiceTest" time="4.959"/>
  <testcase name="runTest[11]" classname="flightapp.FlightServiceTest" time="5.203"/>
  <testcase name="runTest[12]" classname="flightapp.FlightServiceTest" time="3.66"/>
  <testcase name="runTest[13]" classname="flightapp.FlightServiceTest" time="4.376"/>
  <testcase name="runTest[14]" classname="flightapp.FlightServiceTest" time="3.906"/>
  <testcase name="runTest[15]" classname="flightapp.FlightServiceTest" time="4.004"/>
  <testcase name="runTest[16]" classname="flightapp.FlightServiceTest" time="3.817"/>
  <testcase name="runTest[17]" classname="flightapp.FlightServiceTest" time="3.78"/>
  <testcase name="runTest[18]" classname="flightapp.FlightServiceTest" time="10.074"/>
  <testcase name="runTest[19]" classname="flightapp.FlightServiceTest" time="3.274"/>
  <testcase name="runTest[20]" classname="flightapp.FlightServiceTest" time="3.882"/>
  <testcase name="runTest[21]" classname="flightapp.FlightServiceTest" time="4.707"/>
  <testcase name="runTest[22]" classname="flightapp.FlightServiceTest" time="6.509"/>
  <testcase name="runTest[23]" classname="flightapp.FlightServiceTest" time="2.895"/>
  <testcase name="runTest[24]" classname="flightapp.FlightServiceTest" time="1.734"/>
  <testcase name="runTest[25]" classname="flightapp.FlightServiceTest" time="2.951"/>
  <testcase name="runTest[26]" classname="flightapp.FlightServiceTest" time="2.045"/>
  <testcase name="runTest[27]" classname="flightapp.FlightServiceTest" time="2.445"/>
  <testcase name="runTest[28]" classname="flightapp.FlightServiceTest" time="5.72"/>
  <testcase name="runTest[29]" classname="flightapp.FlightServiceTest" time="14.338"/>
  <testcase name="runTest[30]" classname="flightapp.FlightServiceTest" time="2.583"/>
  <testcase name="runTest[31]" classname="flightapp.FlightServiceTest" time="7.191"/>
  <testcase name="runTest[32]" classname="flightapp.FlightServiceTest" time="3.493"/>
  <testcase name="runTest[33]" classname="flightapp.FlightServiceTest" time="4.374"/>
  <testcase name="runTest[34]" classname="flightapp.FlightServiceTest" time="0.902"/>
</testsuite>